[dotenv@17.2.3] injecting env (4) from .env -- tip: 🛠️  run anywhere with `dotenvx run -- yourcommand`

Running 1 test using 1 worker

🗺️ Running test for state: DE (Delaware)
⏫ Test Started (0.00s)
WB Login successful
✅ Phone number filled successfully: 717-579-1803
⚠️ "Accept As-Is" not available, handling fallback
🔄 Retry attempt 1 - re-entering client information
✅ Phone number filled successfully: 717-723-9892
✅ "Accept As-Is" clicked successfully
✅ "Client not listed" button clicked
✅ "Continue" button clicked
⚠️ Open dialog detected, attempting to close...
✅ Contact phone number filled successfully: 717-555-1212
Account creation completed
✅ Account Created (110.33s)
Account qualification completed
✅ Account Created & Qualified (0.00s)
✅ Loaded Package Selection Page (3.02s)
✅ Commercial Package selected
✅ Clicked Next after Package Selection (1.34s)
✅ Selected Prior Carrier (14.21s)
✅ Selected prior carrier: AF Group
✅ Clicked Next after Prior Carrier (0.63s)
✅ Loaded Coverage Selection Page (0.00s)
✅ Coverage Sliders Ready (1.01s)
✅ Toggled Inland Marine (0.74s)
✅ Inland Marine toggled to Yes
✅ Toggled Crime (0.68s)
✅ Crime toggled to Yes
✅ Confirmed Selections (3.18s)
✅ Clicked Next after Confirm Selections (3.26s)
✅ Commercial Package Data Entry Started (0.00s)
✅ Edit Location Clicked (2.67s)
✅ Confirmed Edit Location (2.18s)
✅ Cancelled Edit Location (1.66s)
✅ Clicked Next after Edit Location (2.14s)
✅ Clicked Next after Edit Location 2 (2.12s)
✅ Clicked Next after Edit Location 3 (2.17s)
✅ Add the Coverage Clicked (2.17s)
✅ Add Scheduled Item Clicked (0.50s)
✅ ComboBox Clicked (0.13s)
✅ Add New Clicked (0.18s)
✅ Account Location Selected (0.20s)
✅ Address Type ComboBox Clicked (0.17s)
✅ Address Type Selected (0.16s)
✅ Name Textbox Clicked (0.15s)
✅ Name Filled (0.13s)
✅ Third Party Contact Dialog Saved (0.14s)
✅ Notice Days Clicked (1.02s)
✅ Notice Days Filled (0.12s)
✅ Schedule Item Dialog Saved (0.14s)
✅ Schedule Dialog Saved (0.51s)
✅ Clicked Next after Schedule Dialog (1.09s)
✅ Edit Location Clicked 2 (5.73s)
✅ Clicked Next after Edit Location 4 (0.74s)
✅ Save Location Clicked (3.14s)
✅ Clicked Next after Save Location (1.32s)
✅ Clicked Next after Save Location 2 (1.63s)
✅ Add Building Clicked (0.69s)
✅ Building Option Selected (0.17s)
✅ Building Description Clicked (6.97s)
✅ Building Description Filled (0.12s)
✅ Class Description Clicked (0.13s)
✅ Class Description Selected (0.99s)
✅ Construction Type ComboBox Clicked (1.41s)
✅ Construction Type Selected (0.61s)
✅ Number Of Stories Clicked (1.17s)
✅ Number Of Stories Filled (0.13s)
✅ ComboBox Clicked 2 (1.15s)
✅ ComboBox Option Selected (1.35s)
✅ Year Of Construction Clicked (1.13s)
✅ Year Of Construction Filled (0.13s)
✅ Clicked Next after Year Of Construction (2.15s)
✅ Loaded After Year Of Construction (2.02s)
✅ Edit Coverage Clicked (8.60s)
✅ Create Estimator Clicked (2.03s)
✅ Estimator page loaded successfully, continuing with normal workflow
✅ Commercial Sq Ft Clicked (5.16s)
✅ Commercial Sq Ft Filled (0.12s)
✅ Commercial Sq Ft Tabbed (0.13s)
✅ Template ID Primary Clicked (0.69s)
✅ Apartment/Condo Selected (0.19s)
✅ Continue Clicked (0.27s)
✅ Calculate Now Clicked (0.50s)
✅ Finish Clicked (1.27s)
✅ Import Data Clicked (0.17s)
✅ Save Clicked (9.26s)
⏭️  Attention dialog found, attempting Next button first
⚠️ Next button failed, executing error handling logic
⏭️ Basic Symbol Number dropdown not available, skipping
Commercial property package data entered  successfully.
✅ Commercial Property Package Completed (218.40s)
General Liability data entry started.
General Liability data entered successfully.
✅ General Liability Completed (83.97s)
Inland Marine data entry started.
Inland Marine data entered successfully.
✅ Inland Marine Completed (36.08s)
Crime data entry started.
Crime data entered successfully.
✅ Crime Completed (22.09s)
Quote Number: 3003180428
Rating is successful.
✅ Quote Rated Successfully (65.17s)
Starting policy submission workflow...
📋 Step 1: Submitting policy in WriteBiz...
🔘 Clicking Submit For Approval button...
✅ Submit For Approval button clicked
✅ Submission row 3003180428 is visible (attempt 1)
✅ Business Entity Description field found, filling with "Test"...
✅ Business Entity Description filled
✅ WriteBiz submission completed
✅ Submitting for Approval (35.67s)
🔐 Step 2: Logging into PolicyCenter in new tab...
🔎 Submitting number to PolicyCenter: 3003180428
📍 Opening Policy menu...
📍 Expanding Policy Tab...
📍 Searching for submission: 3003180428...
✅ Submission search completed
✅ Found 1 nodes for locator: text=/Risk Analysis/i
➡️ Clicked node #0 for locator: text=/Risk Analysis/i
✅ UW Issues Approved in PolicyCenter (59.16s)
⏳ Step 3: Submitting for issuance in WriteBiz...
⏳ Waiting for radio button to be available...
🔘 Clicking Bill Insured By Mail radio button...
✅ Bill Insured By Mail radio button clicked
📄 Policy Number generated: 1003052923
✅ Policy Issued Successfully (155.44s)
📋 Test Data: {
  state: [32m'DE'[39m,
  stateName: [32m'Delaware'[39m,
  milestones: [
    {
      name: [32m'Test Started'[39m,
      status: [32m'STARTED'[39m,
      timestamp: [35m2026-01-06T17:50:54.609Z[39m,
      details: [32m''[39m,
      duration: [32m'0.00s'[39m
    },
    {
      name: [32m'Account Created'[39m,
      status: [32m'PASSED'[39m,
      timestamp: [35m2026-01-06T17:52:44.938Z[39m,
      details: [32m''[39m,
      duration: [32m'110.33s'[39m
    },
    {
      name: [32m'Account Created & Qualified'[39m,
      status: [32m'PASSED'[39m,
      timestamp: [35m2026-01-06T17:52:44.940Z[39m,
      details: [32m''[39m,
      duration: [32m'0.00s'[39m
    },
    {
      name: [32m'Loaded Package Selection Page'[39m,
      status: [32m'PASSED'[39m,
      timestamp: [35m2026-01-06T17:52:47.962Z[39m,
      details: [32m''[39m,
      duration: [32m'3.02s'[39m
    },
    {
      name: [32m'Clicked Next after Package Selection'[39m,
      status: [32m'PASSED'[39m,
      timestamp: [35m2026-01-06T17:52:49.301Z[39m,
      details: [32m''[39m,
      duration: [32m'1.34s'[39m
    },
    {
      name: [32m'Selected Prior Carrier'[39m,
      status: [32m'PASSED'[39m,
      timestamp: [35m2026-01-06T17:53:03.518Z[39m,
      details: [32m''[39m,
      duration: [32m'14.21s'[39m
    },
    {
      name: [32m'Clicked Next after Prior Carrier'[39m,
      status: [32m'PASSED'[39m,
      timestamp: [35m2026-01-06T17:53:04.151Z[39m,
      details: [32m''[39m,
      duration: [32m'0.63s'[39m
    },
    {
      name: [32m'Loaded Coverage Selection Page'[39m,
      status: [32m'PASSED'[39m,
      timestamp: [35m2026-01-06T17:53:04.154Z[39m,
      details: [32m''[39m,
      duration: [32m'0.00s'[39m
    },
    {
      name: [32m'Coverage Sliders Ready'[39m,
      status: [32m'PASSED'[39m,
      timestamp: [35m2026-01-06T17:53:05.164Z[39m,
      details: [32m''[39m,
      duration: [32m'1.01s'[39m
    },
    {
      name: [32m'Toggled Inland Marine'[39m,
      status: [32m'PASSED'[39m,
      timestamp: [35m2026-01-06T17:53:05.907Z[39m,
      details: [32m''[39m,
      duration: [32m'0.74s'[39m
    },
    {
      name: [32m'Toggled Crime'[39m,
      status: [32m'PASSED'[39m,
      timestamp: [35m2026-01-06T17:53:06.590Z[39m,
      details: [32m''[39m,
      duration: [32m'0.68s'[39m
    },
    {
      name: [32m'Confirmed Selections'[39m,
      status: [32m'PASSED'[39m,
      timestamp: [35m2026-01-06T17:53:09.771Z[39m,
      details: [32m''[39m,
      duration: [32m'3.18s'[39m
    },
    {
      name: [32m'Clicked Next after Confirm Selections'[39m,
      status: [32m'PASSED'[39m,
      timestamp: [35m2026-01-06T17:53:13.036Z[39m,
      details: [32m''[39m,
      duration: [32m'3.26s'[39m
    },
    {
      name: [32m'Commercial Package Data Entry Started'[39m,
      status: [32m'PASSED'[39m,
      timestamp: [35m2026-01-06T17:53:13.042Z[39m,
      details: [32m''[39m,
      duration: [32m'0.00s'[39m
    },
    {
      name: [32m'Edit Location Clicked'[39m,
      status: [32m'PASSED'[39m,
      timestamp: [35m2026-01-06T17:53:15.716Z[39m,
      details: [32m''[39m,
      duration: [32m'2.67s'[39m
    },
    {
      name: [32m'Confirmed Edit Location'[39m,
      status: [32m'PASSED'[39m,
      timestamp: [35m2026-01-06T17:53:17.896Z[39m,
      details: [32m''[39m,
      duration: [32m'2.18s'[39m
    },
    {
      name: [32m'Cancelled Edit Location'[39m,
      status: [32m'PASSED'[39m,
      timestamp: [35m2026-01-06T17:53:19.558Z[39m,
      details: [32m''[39m,
      duration: [32m'1.66s'[39m
    },
    {
      name: [32m'Clicked Next after Edit Location'[39m,
      status: [32m'PASSED'[39m,
      timestamp: [35m2026-01-06T17:53:21.708Z[39m,
      details: [32m''[39m,
      duration: [32m'2.14s'[39m
    },
    {
      name: [32m'Clicked Next after Edit Location 2'[39m,
      status: [32m'PASSED'[39m,
      timestamp: [35m2026-01-06T17:53:23.835Z[39m,
      details: [32m''[39m,
      duration: [32m'2.12s'[39m
    },
    {
      name: [32m'Clicked Next after Edit Location 3'[39m,
      status: [32m'PASSED'[39m,
      timestamp: [35m2026-01-06T17:53:26.013Z[39m,
      details: [32m''[39m,
      duration: [32m'2.17s'[39m
    },
    {
      name: [32m'Add the Coverage Clicked'[39m,
      status: [32m'PASSED'[39m,
      timestamp: [35m2026-01-06T17:53:28.187Z[39m,
      details: [32m''[39m,
      duration: [32m'2.17s'[39m
    },
    {
      name: [32m'Add Scheduled Item Clicked'[39m,
      status: [32m'PASSED'[39m,
      timestamp: [35m2026-01-06T17:53:28.688Z[39m,
      details: [32m''[39m,
      duration: [32m'0.50s'[39m
    },
    {
      name: [32m'ComboBox Clicked'[39m,
      status: [32m'PASSED'[39m,
      timestamp: [35m2026-01-06T17:53:28.825Z[39m,
      details: [32m''[39m,
      duration: [32m'0.13s'[39m
    },
    {
      name: [32m'Add New Clicked'[39m,
      status: [32m'PASSED'[39m,
      timestamp: [35m2026-01-06T17:53:29.003Z[39m,
      details: [32m''[39m,
      duration: [32m'0.18s'[39m
    },
    {
      name: [32m'Account Location Selected'[39m,
      status: [32m'PASSED'[39m,
      timestamp: [35m2026-01-06T17:53:29.203Z[39m,
      details: [32m''[39m,
      duration: [32m'0.20s'[39m
    },
    {
      name: [32m'Address Type ComboBox Clicked'[39m,
      status: [32m'PASSED'[39m,
      timestamp: [35m2026-01-06T17:53:29.378Z[39m,
      details: [32m''[39m,
      duration: [32m'0.17s'[39m
    },
    {
      name: [32m'Address Type Selected'[39m,
      status: [32m'PASSED'[39m,
      timestamp: [35m2026-01-06T17:53:29.536Z[39m,
      details: [32m''[39m,
      duration: [32m'0.16s'[39m
    },
    {
      name: [32m'Name Textbox Clicked'[39m,
      status: [32m'PASSED'[39m,
      timestamp: [35m2026-01-06T17:53:29.691Z[39m,
      details: [32m''[39m,
      duration: [32m'0.15s'[39m
    },
    {
      name: [32m'Name Filled'[39m,
      status: [32m'PASSED'[39m,
      timestamp: [35m2026-01-06T17:53:29.822Z[39m,
      details: [32m''[39m,
      duration: [32m'0.13s'[39m
    },
    {
      name: [32m'Third Party Contact Dialog Saved'[39m,
      status: [32m'PASSED'[39m,
      timestamp: [35m2026-01-06T17:53:29.964Z[39m,
      details: [32m''[39m,
      duration: [32m'0.14s'[39m
    },
    {
      name: [32m'Notice Days Clicked'[39m,
      status: [32m'PASSED'[39m,
      timestamp: [35m2026-01-06T17:53:30.986Z[39m,
      details: [32m''[39m,
      duration: [32m'1.02s'[39m
    },
    {
      name: [32m'Notice Days Filled'[39m,
      status: [32m'PASSED'[39m,
      timestamp: [35m2026-01-06T17:53:31.105Z[39m,
      details: [32m''[39m,
      duration: [32m'0.12s'[39m
    },
    {
      name: [32m'Schedule Item Dialog Saved'[39m,
      status: [32m'PASSED'[39m,
      timestamp: [35m2026-01-06T17:53:31.243Z[39m,
      details: [32m''[39m,
      duration: [32m'0.14s'[39m
    },
    {
      name: [32m'Schedule Dialog Saved'[39m,
      status: [32m'PASSED'[39m,
      timestamp: [35m2026-01-06T17:53:31.758Z[39m,
      details: [32m''[39m,
      duration: [32m'0.51s'[39m
    },
    {
      name: [32m'Clicked Next after Schedule Dialog'[39m,
      status: [32m'PASSED'[39m,
      timestamp: [35m2026-01-06T17:53:32.852Z[39m,
      details: [32m''[39m,
      duration: [32m'1.09s'[39m
    },
    {
      name: [32m'Edit Location Clicked 2'[39m,
      status: [32m'PASSED'[39m,
      timestamp: [35m2026-01-06T17:53:38.587Z[39m,
      details: [32m''[39m,
      duration: [32m'5.73s'[39m
    },
    {
      name: [32m'Clicked Next after Edit Location 4'[39m,
      status: [32m'PASSED'[39m,
      timestamp: [35m2026-01-06T17:53:39.333Z[39m,
      details: [32m''[39m,
      duration: [32m'0.74s'[39m
    },
    {
      name: [32m'Save Location Clicked'[39m,
      status: [32m'PASSED'[39m,
      timestamp: [35m2026-01-06T17:53:42.472Z[39m,
      details: [32m''[39m,
      duration: [32m'3.14s'[39m
    },
    {
      name: [32m'Clicked Next after Save Location'[39m,
      status: [32m'PASSED'[39m,
      timestamp: [35m2026-01-06T17:53:43.791Z[39m,
      details: [32m''[39m,
      duration: [32m'1.32s'[39m
    },
    {
      name: [32m'Clicked Next after Save Location 2'[39m,
      status: [32m'PASSED'[39m,
      timestamp: [35m2026-01-06T17:53:45.425Z[39m,
      details: [32m''[39m,
      duration: [32m'1.63s'[39m
    },
    {
      name: [32m'Add Building Clicked'[39m,
      status: [32m'PASSED'[39m,
      timestamp: [35m2026-01-06T17:53:46.120Z[39m,
      details: [32m''[39m,
      duration: [32m'0.69s'[39m
    },
    {
      name: [32m'Building Option Selected'[39m,
      status: [32m'PASSED'[39m,
      timestamp: [35m2026-01-06T17:53:46.293Z[39m,
      details: [32m''[39m,
      duration: [32m'0.17s'[39m
    },
    {
      name: [32m'Building Description Clicked'[39m,
      status: [32m'PASSED'[39m,
      timestamp: [35m2026-01-06T17:53:53.262Z[39m,
      details: [32m''[39m,
      duration: [32m'6.97s'[39m
    },
    {
      name: [32m'Building Description Filled'[39m,
      status: [32m'PASSED'[39m,
      timestamp: [35m2026-01-06T17:53:53.385Z[39m,
      details: [32m''[39m,
      duration: [32m'0.12s'[39m
    },
    {
      name: [32m'Class Description Clicked'[39m,
      status: [32m'PASSED'[39m,
      timestamp: [35m2026-01-06T17:53:53.519Z[39m,
      details: [32m''[39m,
      duration: [32m'0.13s'[39m
    },
    {
      name: [32m'Class Description Selected'[39m,
      status: [32m'PASSED'[39m,
      timestamp: [35m2026-01-06T17:53:54.516Z[39m,
      details: [32m''[39m,
      duration: [32m'0.99s'[39m
    },
    {
      name: [32m'Construction Type ComboBox Clicked'[39m,
      status: [32m'PASSED'[39m,
      timestamp: [35m2026-01-06T17:53:55.925Z[39m,
      details: [32m''[39m,
      duration: [32m'1.41s'[39m
    },
    {
      name: [32m'Construction Type Selected'[39m,
      status: [32m'PASSED'[39m,
      timestamp: [35m2026-01-06T17:53:56.537Z[39m,
      details: [32m''[39m,
      duration: [32m'0.61s'[39m
    },
    {
      name: [32m'Number Of Stories Clicked'[39m,
      status: [32m'PASSED'[39m,
      timestamp: [35m2026-01-06T17:53:57.705Z[39m,
      details: [32m''[39m,
      duration: [32m'1.17s'[39m
    },
    {
      name: [32m'Number Of Stories Filled'[39m,
      status: [32m'PASSED'[39m,
      timestamp: [35m2026-01-06T17:53:57.838Z[39m,
      details: [32m''[39m,
      duration: [32m'0.13s'[39m
    },
    {
      name: [32m'ComboBox Clicked 2'[39m,
      status: [32m'PASSED'[39m,
      timestamp: [35m2026-01-06T17:53:58.991Z[39m,
      details: [32m''[39m,
      duration: [32m'1.15s'[39m
    },
    {
      name: [32m'ComboBox Option Selected'[39m,
      status: [32m'PASSED'[39m,
      timestamp: [35m2026-01-06T17:54:00.339Z[39m,
      details: [32m''[39m,
      duration: [32m'1.35s'[39m
    },
    {
      name: [32m'Year Of Construction Clicked'[39m,
      status: [32m'PASSED'[39m,
      timestamp: [35m2026-01-06T17:54:01.468Z[39m,
      details: [32m''[39m,
      duration: [32m'1.13s'[39m
    },
    {
      name: [32m'Year Of Construction Filled'[39m,
      status: [32m'PASSED'[39m,
      timestamp: [35m2026-01-06T17:54:01.598Z[39m,
      details: [32m''[39m,
      duration: [32m'0.13s'[39m
    },
    {
      name: [32m'Clicked Next after Year Of Construction'[39m,
      status: [32m'PASSED'[39m,
      timestamp: [35m2026-01-06T17:54:03.751Z[39m,
      details: [32m''[39m,
      duration: [32m'2.15s'[39m
    },
    {
      name: [32m'Loaded After Year Of Construction'[39m,
      status: [32m'PASSED'[39m,
      timestamp: [35m2026-01-06T17:54:05.770Z[39m,
      details: [32m''[39m,
      duration: [32m'2.02s'[39m
    },
    {
      name: [32m'Edit Coverage Clicked'[39m,
      status: [32m'PASSED'[39m,
      timestamp: [35m2026-01-06T17:54:14.376Z[39m,
      details: [32m''[39m,
      duration: [32m'8.60s'[39m
    },
    {
      name: [32m'Create Estimator Clicked'[39m,
      status: [32m'PASSED'[39m,
      timestamp: [35m2026-01-06T17:54:16.407Z[39m,
      details: [32m''[39m,
      duration: [32m'2.03s'[39m
    },
    {
      name: [32m'Commercial Sq Ft Clicked'[39m,
      status: [32m'PASSED'[39m,
      timestamp: [35m2026-01-06T17:54:21.567Z[39m,
      details: [32m''[39m,
      duration: [32m'5.16s'[39m
    },
    {
      name: [32m'Commercial Sq Ft Filled'[39m,
      status: [32m'PASSED'[39m,
      timestamp: [35m2026-01-06T17:54:21.688Z[39m,
      details: [32m''[39m,
      duration: [32m'0.12s'[39m
    },
    {
      name: [32m'Commercial Sq Ft Tabbed'[39m,
      status: [32m'PASSED'[39m,
      timestamp: [35m2026-01-06T17:54:21.819Z[39m,
      details: [32m''[39m,
      duration: [32m'0.13s'[39m
    },
    {
      name: [32m'Template ID Primary Clicked'[39m,
      status: [32m'PASSED'[39m,
      timestamp: [35m2026-01-06T17:54:22.508Z[39m,
      details: [32m''[39m,
      duration: [32m'0.69s'[39m
    },
    {
      name: [32m'Apartment/Condo Selected'[39m,
      status: [32m'PASSED'[39m,
      timestamp: [35m2026-01-06T17:54:22.705Z[39m,
      details: [32m''[39m,
      duration: [32m'0.19s'[39m
    },
    {
      name: [32m'Continue Clicked'[39m,
      status: [32m'PASSED'[39m,
      timestamp: [35m2026-01-06T17:54:22.976Z[39m,
      details: [32m''[39m,
      duration: [32m'0.27s'[39m
    },
    {
      name: [32m'Calculate Now Clicked'[39m,
      status: [32m'PASSED'[39m,
      timestamp: [35m2026-01-06T17:54:23.478Z[39m,
      details: [32m''[39m,
      duration: [32m'0.50s'[39m
    },
    {
      name: [32m'Finish Clicked'[39m,
      status: [32m'PASSED'[39m,
      timestamp: [35m2026-01-06T17:54:24.748Z[39m,
      details: [32m''[39m,
      duration: [32m'1.27s'[39m
    },
    {
      name: [32m'Import Data Clicked'[39m,
      status: [32m'PASSED'[39m,
      timestamp: [35m2026-01-06T17:54:24.918Z[39m,
      details: [32m''[39m,
      duration: [32m'0.17s'[39m
    },
    {
      name: [32m'Save Clicked'[39m,
      status: [32m'PASSED'[39m,
      timestamp: [35m2026-01-06T17:54:34.183Z[39m,
      details: [32m''[39m,
      duration: [32m'9.26s'[39m
    },
    {
      name: [32m'Commercial Property Package Completed'[39m,
      status: [32m'PASSED'[39m,
      timestamp: [35m2026-01-06T17:58:12.582Z[39m,
      details: [32m'Building, Business Income, Occupancy, Personal Property entered'[39m,
      duration: [32m'218.40s'[39m
    },
    {
      name: [32m'General Liability Completed'[39m,
      status: [32m'PASSED'[39m,
      timestamp: [35m2026-01-06T17:59:36.551Z[39m,
      details: [32m'Coverage limits and deductibles entered'[39m,
      duration: [32m'83.97s'[39m
    },
    {
      name: [32m'Inland Marine Completed'[39m,
      status: [32m'PASSED'[39m,
      timestamp: [35m2026-01-06T18:00:12.636Z[39m,
      details: [32m'Coverage limits and deductibles entered'[39m,
      duration: [32m'36.08s'[39m
    },
    {
      name: [32m'Crime Completed'[39m,
      status: [32m'PASSED'[39m,
      timestamp: [35m2026-01-06T18:00:34.724Z[39m,
      details: [32m'Crime coverage details entered'[39m,
      duration: [32m'22.09s'[39m
    },
    {
      name: [32m'Quote Rated Successfully'[39m,
      status: [32m'PASSED'[39m,
      timestamp: [35m2026-01-06T18:01:39.899Z[39m,
      details: [32m'Quote #: 3003180428'[39m,
      duration: [32m'65.17s'[39m
    },
    {
      name: [32m'Submitting for Approval'[39m,
      status: [32m'PASSED'[39m,
      timestamp: [35m2026-01-06T18:02:15.577Z[39m,
      details: [32m''[39m,
      duration: [32m'35.67s'[39m
    },
    {
      name: [32m'UW Issues Approved in PolicyCenter'[39m,
      status: [32m'PASSED'[39m,
      timestamp: [35m2026-01-06T18:03:14.739Z[39m,
      details: [32m''[39m,
      duration: [32m'59.16s'[39m
    },
    {
      name: [32m'Policy Issued Successfully'[39m,
      status: [32m'PASSED'[39m,
      timestamp: [35m2026-01-06T18:05:50.178Z[39m,
      details: [32m'Policy #: 1003052923'[39m,
      duration: [32m'155.44s'[39m
    }
  ],
  httpTimings: [],
  networkErrors: [
    {
      url: [32m'https://as.atlassian.com/api/v1/batch'[39m,
      error: [36m[Object][39m,
      timestamp: [32m'2026-01-06T17:59:08.932Z'[39m
    }
  ],
  retryCount: [33m0[39m,
  quoteNumber: [32m'3003180428'[39m,
  policyNumber: [32m'1003052923'[39m,
  status: [32m'PASSED'[39m
}
💾 Test data written to test-data-DE.json
✅ Test completed successfully

📧 Sending final batch email report...
[dotenv@17.2.3] injecting env (0) from .env -- tip: 🔐 prevent committing .env to code: https://dotenvx.com/precommit
📨 Sending consolidated batch email...
   iterations-data-package.json: 2 total, using 2 from runId 2026-01-06T17:50:51.576Z
✔ Email sent successfully
  ok 1 [chromium] › Create_Package.test.js:13:5 › Package Submission (14.9m)
💾 Saved iteration 3: suite=Package, state=DE

  Slow test file: [chromium] › Create_Package.test.js (14.9m)
  Consider running tests from slow files in parallel. See: https://playwright.dev/docs/test-parallel
  1 passed (15.1m)
⏸️ Batch run detected; skipping individual email
