❌ Test execution failed: locator.click: Timeout 60000ms exceeded.
Call log:
[2m  - waiting for locator('#bs-select-4-1')[22m
[2m    - locator resolved to <a tabindex="0" role="option" aria-setsize="2" aria-posinset="2" id="bs-select-4-1" aria-selected="true" class="dropdown-item active selected">…</a>[22m
[2m  - attempting click action[22m
[2m    2 × waiting for element to be visible, enabled and stable[22m
[2m      - element is not visible[22m
[2m    - retrying click action[22m
[2m    - waiting 20ms[22m
[2m    2 × waiting for element to be visible, enabled and stable[22m
[2m      - element is not visible[22m
[2m    - retrying click action[22m
[2m      - waiting 100ms[22m
[2m    112 × waiting for element to be visible, enabled and stable[22m
[2m        - element is not visible[22m
[2m      - retrying click action[22m
[2m        - waiting 500ms[22m

📍 Stack: locator.click: Timeout 60000ms exceeded.
Call log:
[2m  - waiting for locator('#bs-select-4-1')[22m
[2m    - locator resolved to <a tabindex="0" role="option" aria-setsize="2" aria-posinset="2" id="bs-select-4-1" aria-selected="true" class="dropdown-item active selected">…</a>[22m
[2m  - attempting click action[22m
[2m    2 × waiting for element to be visible, enabled and stable[22m
[2m      - element is not visible[22m
[2m    - retrying click action[22m
[2m    - waiting 20ms[22m
[2m    2 × waiting for element to be visible, enabled and stable[22m
[2m      - element is not visible[22m
[2m    - retrying click action[22m
[2m      - waiting 100ms[22m
[2m    112 × waiting for element to be visible, enabled and stable[22m
[2m        - element is not visible[22m
[2m      - retrying click action[22m
[2m        - waiting 500ms[22m

    at C:\Users\amitmish\Playwright Projects\WB BOP Standard workflow\Automation_Portal\Test-Automation-Portal\Create_Package.test.js:590:40
